2022-09-04 09:30:42,443 Importing BlpImagePlugin
2022-09-04 09:30:42,443 Importing BmpImagePlugin
2022-09-04 09:30:42,444 Importing BufrStubImagePlugin
2022-09-04 09:30:42,444 Importing CurImagePlugin
2022-09-04 09:30:42,444 Importing DcxImagePlugin
2022-09-04 09:30:42,445 Importing DdsImagePlugin
2022-09-04 09:30:42,445 Importing EpsImagePlugin
2022-09-04 09:30:42,445 Importing FitsStubImagePlugin
2022-09-04 09:30:42,445 Importing FliImagePlugin
2022-09-04 09:30:42,446 Importing FpxImagePlugin
2022-09-04 09:30:42,446 Image: failed to import FpxImagePlugin: No module named 'olefile'
2022-09-04 09:30:42,446 Importing FtexImagePlugin
2022-09-04 09:30:42,446 Importing GbrImagePlugin
2022-09-04 09:30:42,446 Importing GifImagePlugin
2022-09-04 09:30:42,446 Importing GribStubImagePlugin
2022-09-04 09:30:42,447 Importing Hdf5StubImagePlugin
2022-09-04 09:30:42,447 Importing IcnsImagePlugin
2022-09-04 09:30:42,448 Importing IcoImagePlugin
2022-09-04 09:30:42,448 Importing ImImagePlugin
2022-09-04 09:30:42,448 Importing ImtImagePlugin
2022-09-04 09:30:42,448 Importing IptcImagePlugin
2022-09-04 09:30:42,449 Importing JpegImagePlugin
2022-09-04 09:30:42,451 Importing Jpeg2KImagePlugin
2022-09-04 09:30:42,451 Importing McIdasImagePlugin
2022-09-04 09:30:42,451 Importing MicImagePlugin
2022-09-04 09:30:42,451 Image: failed to import MicImagePlugin: No module named 'olefile'
2022-09-04 09:30:42,451 Importing MpegImagePlugin
2022-09-04 09:30:42,452 Importing MpoImagePlugin
2022-09-04 09:30:42,452 Importing MspImagePlugin
2022-09-04 09:30:42,452 Importing PalmImagePlugin
2022-09-04 09:30:42,453 Importing PcdImagePlugin
2022-09-04 09:30:42,453 Importing PcxImagePlugin
2022-09-04 09:30:42,453 Importing PdfImagePlugin
2022-09-04 09:30:42,458 Importing PixarImagePlugin
2022-09-04 09:30:42,458 Importing PngImagePlugin
2022-09-04 09:30:42,458 Importing PpmImagePlugin
2022-09-04 09:30:42,458 Importing PsdImagePlugin
2022-09-04 09:30:42,458 Importing SgiImagePlugin
2022-09-04 09:30:42,459 Importing SpiderImagePlugin
2022-09-04 09:30:42,459 Importing SunImagePlugin
2022-09-04 09:30:42,459 Importing TgaImagePlugin
2022-09-04 09:30:42,459 Importing TiffImagePlugin
2022-09-04 09:30:42,459 Importing WebPImagePlugin
2022-09-04 09:30:42,461 Importing WmfImagePlugin
2022-09-04 09:30:42,461 Importing XbmImagePlugin
2022-09-04 09:30:42,461 Importing XpmImagePlugin
2022-09-04 09:30:42,462 Importing XVThumbImagePlugin
